> Ready on http://0.0.0.0:3001
> Socket.IO server running at ws://0.0.0.0:3001/api/socketio
   Reload env: .env.local
 ○ Compiling / ...
 ✓ Compiled / in 6.8s (1094 modules)
 GET / 200 in 7452ms
 ✓ Compiled in 447ms (464 modules)
 ✓ Compiled in 370ms (464 modules)
 ✓ Compiled in 333ms (464 modules)
 ✓ Compiled in 551ms (464 modules)
 ✓ Compiled in 430ms (464 modules)
 ✓ Compiled in 376ms (464 modules)
 ✓ Compiled in 302ms (464 modules)
 ✓ Compiled in 384ms (464 modules)
 ✓ Compiled in 301ms (464 modules)
 ✓ Compiled in 302ms (464 modules)
 ✓ Compiled in 276ms (464 modules)
 ✓ Compiled in 279ms (464 modules)
 ✓ Compiled in 313ms (464 modules)
 ✓ Compiled in 312ms (464 modules)
 ✓ Compiled in 286ms (464 modules)
 ✓ Compiled in 261ms (464 modules)
 ✓ Compiled in 403ms (464 modules)
 ✓ Compiled in 401ms (464 modules)
 ✓ Compiled in 322ms (464 modules)
 ✓ Compiled in 317ms (464 modules)
 ✓ Compiled in 286ms (464 modules)
 ✓ Compiled in 284ms (464 modules)
Killed
